10:26:50 **** Incremental Build of configuration Debug for project CuBa_1D_Control ****
Info: Internal Builder is used for build
arm-none-eabi-g++ -mcpu=cortex-m4 -mthumb -mfloat-abi=soft -Og -fmessage-length=0 -fsigned-char -ffunction-sections -fdata-sections -ffreestanding -fno-move-loop-invariants -Wunused -Wuninitialized -Wall -Wextra -Wmissing-declarations -Wconversion -Wpointer-arith -Wpadded -Wshadow -Wlogical-op -Waggregate-return -Wfloat-equal -g3 -DDEBUG -DUSE_FULL_ASSERT -DSTM32F407xx -DUSE_HAL_DRIVER -DHSE_VALUE=8000000 -I../include -I../system/include -I../system/include/cmsis -I../system/include/stm32f4-hal -std=gnu++11 -fabi-version=0 -fno-exceptions -fno-rtti -fno-use-cxa-atexit -fno-threadsafe-statics -Wabi -Wctor-dtor-privacy -Wnoexcept -Wnon-virtual-dtor -Wstrict-null-sentinel -Wsign-promo -c -o "src\\CSTMHardware.o" "..\\src\\CSTMHardware.cpp" 
In file included from ../include/Cmotor_control.h:15:0,
                 from ../include/CSTMHardware.h:6,
                 from ..\src\CSTMHardware.cpp:3:
../include/Cpwm.h:29:9: warning: padding struct to align 'Cpwm::mTIM_CHANNEL_x' [-Wpadded]
  UInt32 mTIM_CHANNEL_x;
         ^
In file included from ../include/CSTMHardware.h:6:0,
                 from ..\src\CSTMHardware.cpp:3:
../include/Cmotor_control.h:18:7: warning: padding struct size to alignment boundary [-Wpadded]
 class Cmotor_control {
       ^
arm-none-eabi-g++ -mcpu=cortex-m4 -mthumb -mfloat-abi=soft -Og -fmessage-length=0 -fsigned-char -ffunction-sections -fdata-sections -ffreestanding -fno-move-loop-invariants -Wunused -Wuninitialized -Wall -Wextra -Wmissing-declarations -Wconversion -Wpointer-arith -Wpadded -Wshadow -Wlogical-op -Waggregate-return -Wfloat-equal -g3 -DDEBUG -DUSE_FULL_ASSERT -DSTM32F407xx -DUSE_HAL_DRIVER -DHSE_VALUE=8000000 -I../include -I../system/include -I../system/include/cmsis -I../system/include/stm32f4-hal -std=gnu++11 -fabi-version=0 -fno-exceptions -fno-rtti -fno-use-cxa-atexit -fno-threadsafe-statics -Wabi -Wctor-dtor-privacy -Wnoexcept -Wnon-virtual-dtor -Wstrict-null-sentinel -Wsign-promo -c -o "src\\main.o" "..\\src\\main.cpp" 
In file included from ../include/Cmotor_control.h:15:0,
                 from ../include/CSTMHardware.h:6,
                 from ..\src\main.cpp:1:
../include/Cpwm.h:29:9: warning: padding struct to align 'Cpwm::mTIM_CHANNEL_x' [-Wpadded]
  UInt32 mTIM_CHANNEL_x;
         ^
In file included from ../include/CSTMHardware.h:6:0,
                 from ..\src\main.cpp:1:
../include/Cmotor_control.h:18:7: warning: padding struct size to alignment boundary [-Wpadded]
 class Cmotor_control {
       ^
arm-none-eabi-g++ -mcpu=cortex-m4 -mthumb -mfloat-abi=soft -Og -fmessage-length=0 -fsigned-char -ffunction-sections -fdata-sections -ffreestanding -fno-move-loop-invariants -Wunused -Wuninitialized -Wall -Wextra -Wmissing-declarations -Wconversion -Wpointer-arith -Wpadded -Wshadow -Wlogical-op -Waggregate-return -Wfloat-equal -g3 -T mem.ld -T libs.ld -T sections.ld -nostartfiles -Xlinker --gc-sections -L../ldscripts -Wl,-Map,CuBa_1D_Control.map --specs=nano.specs -o CuBa_1D_Control.elf "src\\CAdc.o" "src\\CComplementaryFilter.o" "src\\CLQR.o" "src\\CMPU6050.o" "src\\CSTMHardware.o" "src\\CSensor.o" "src\\CSensorEvaluation.o" "src\\Cmotor_control.o" "src\\Cpwm.o" "src\\Cservo_control.o" "src\\_initialize_hardware.o" "src\\_write.o" "src\\main.o" "src\\stm32f4xx_hal_msp.o" "system\\src\\cmsis\\system_stm32f4xx.o" "system\\src\\cmsis\\vectors_stm32f407xx.o" "system\\src\\cortexm\\_initialize_hardware.o" "system\\src\\cortexm\\_reset_hardware.o" "system\\src\\cortexm\\exception_handlers.o" "system\\src\\diag\\Trace.o" "system\\src\\diag\\trace_impl.o" "system\\src\\newlib\\_cxx.o" "system\\src\\newlib\\_exit.o" "system\\src\\newlib\\_sbrk.o" "system\\src\\newlib\\_startup.o" "system\\src\\newlib\\_syscalls.o" "system\\src\\newlib\\assert.o" "system\\src\\stm32f4-hal\\stm32f4xx_hal.o" "system\\src\\stm32f4-hal\\stm32f4xx_hal_adc.o" "system\\src\\stm32f4-hal\\stm32f4xx_hal_adc_ex.o" "system\\src\\stm32f4-hal\\stm32f4xx_hal_cortex.o" "system\\src\\stm32f4-hal\\stm32f4xx_hal_flash.o" "system\\src\\stm32f4-hal\\stm32f4xx_hal_gpio.o" "system\\src\\stm32f4-hal\\stm32f4xx_hal_i2c.o" "system\\src\\stm32f4-hal\\stm32f4xx_hal_i2c_ex.o" "system\\src\\stm32f4-hal\\stm32f4xx_hal_iwdg.o" "system\\src\\stm32f4-hal\\stm32f4xx_hal_pwr.o" "system\\src\\stm32f4-hal\\stm32f4xx_hal_rcc.o" "system\\src\\stm32f4-hal\\stm32f4xx_hal_tim.o" "system\\src\\stm32f4-hal\\stm32f4xx_hal_tim_ex.o" 

10:27:24 Build Finished (took 34s.254ms)

