20:10:14 **** Incremental Build of configuration Debug for project Sockets ****
make all 
Building file: ../main.cpp
Invoking: GCC C++ Compiler
g++ -std=c++11 -O0 -g3 -Wall -c -fmessage-length=0 -MMD -MP -MF"main.d" -MT"main.o" -o "main.o" "../main.cpp"
Finished building: ../main.cpp
 
Building target: Sockets
Invoking: GCC C++ Linker
g++  -o "Sockets"  ./Assertion.o ./CBinarySemaphore.o ./CMutex.o ./CServer.o ./main.o   -lpthread
Finished building target: Sockets
 
20:10:22 **** Incremental Build of configuration Debug for project Sockets ****
make all 
make: Nothing to be done for `all'.
20:12:52 **** Incremental Build of configuration Debug for project Sockets ****
make all 
make: Nothing to be done for `all'.
20:27:06 **** Incremental Build of configuration Debug for project Sockets ****
make all 
make: Nothing to be done for `all'.
20:38:19 **** Incremental Build of configuration Debug for project Sockets ****
make all 
Building file: ../CServer.cpp
Invoking: GCC C++ Compiler
g++ -std=c++11 -O0 -g3 -Wall -c -fmessage-length=0 -MMD -MP -MF"CServer.d" -MT"CServer.o" -o "CServer.o" "../CServer.cpp"
../CServer.cpp: In member function ‘bool CServer::receiveMessage(Float32&, bool)’:
../CServer.cpp:31:23: warning: comparison between signed and unsigned integer expressions [-Wsign-compare]
  }while(bytesReceived < sizeof(msg));
                       ^
../CServer.cpp: In member function ‘bool CServer::transmitMessage(Float32&)’:
../CServer.cpp:60:21: warning: comparison between signed and unsigned integer expressions [-Wsign-compare]
  }while(writtenByte < sizeof(msg));
                     ^
Finished building: ../CServer.cpp
 
Building target: Sockets
Invoking: GCC C++ Linker
g++  -o "Sockets"  ./Assertion.o ./CBinarySemaphore.o ./CMutex.o ./CServer.o ./main.o   -lpthread
Finished building target: Sockets
 
20:49:34 **** Incremental Build of configuration Debug for project Sockets ****
make all 
make: Nothing to be done for `all'.
