\BOOKMARK [1][-]{section.1}{Cube-Balance \(CuBa\) - Der selbstbalancierende W\374rfel}{}% 1
\BOOKMARK [1][-]{section.2}{1D-Prototyp}{}% 2
\BOOKMARK [2][-]{subsection.2.1}{Aktorik und Sensorik}{section.2}% 3
\BOOKMARK [2][-]{subsection.2.2}{Konstruktion 1D}{section.2}% 4
\BOOKMARK [3][-]{subsubsection.2.2.1}{Bauteile}{subsection.2.2}% 5
\BOOKMARK [2][-]{subsection.2.3}{Modellierung der Systemdynamik}{section.2}% 6
\BOOKMARK [2][-]{subsection.2.4}{Sensorik}{section.2}% 7
\BOOKMARK [3][-]{subsubsection.2.4.1}{Winkelsch\344tzung}{subsection.2.4}% 8
\BOOKMARK [3][-]{subsubsection.2.4.2}{Kalibrierung und Justierung}{subsection.2.4}% 9
\BOOKMARK [4][-]{subsubsubsection.2.4.2.1}{Umrechnung der Beschleunigungswerte}{subsubsection.2.4.2}% 10
\BOOKMARK [4][-]{subsubsubsection.2.4.2.2}{Umrechnung der Winkelgeschwindigkeiten}{subsubsection.2.4.2}% 11
\BOOKMARK [3][-]{subsubsection.2.4.3}{Auswertung der Radgeschwindigkeit }{subsection.2.4}% 12
\BOOKMARK [2][-]{subsection.2.5}{Filterung der Zustandsgr\366\337en}{section.2}% 13
\BOOKMARK [3][-]{subsubsection.2.5.1}{Ans\344tze zur Filterung von }{subsection.2.5}% 14
\BOOKMARK [4][-]{subsubsubsection.2.5.1.1}{Komplement\344r-Filter f\374r }{subsubsection.2.5.1}% 15
\BOOKMARK [4][-]{subsubsubsection.2.5.1.2}{Kalman-Filter f\374r }{subsubsection.2.5.1}% 16
\BOOKMARK [4][-]{subsubsubsection.2.5.1.3}{Vergleich der Filter}{subsubsection.2.5.1}% 17
\BOOKMARK [3][-]{subsubsection.2.5.2}{Ans\344tze zur Filterung von }{subsection.2.5}% 18
\BOOKMARK [3][-]{subsubsection.2.5.3}{Ans\344tze zur Filterung von }{subsection.2.5}% 19
\BOOKMARK [2][-]{subsection.2.6}{Modellbildung und Bestimmung der Systemgr\366\337en}{section.2}% 20
\BOOKMARK [3][-]{subsubsection.2.6.1}{Identifikation der Parameter}{subsection.2.6}% 21
\BOOKMARK [4][-]{subsubsubsection.2.6.1.1}{Ermittlung des Reibwertes C}{subsubsection.2.6.1}% 22
\BOOKMARK [4][-]{subsubsubsection.2.6.1.2}{Ermittlung des Reibwertes C}{subsubsection.2.6.1}% 23
\BOOKMARK [4][-]{subsubsubsection.2.6.1.3}{Resultate der Systemidentifikation}{subsubsection.2.6.1}% 24
\BOOKMARK [3][-]{subsubsection.2.6.2}{Entwurf des Simulink-Modelles}{subsection.2.6}% 25
\BOOKMARK [4][-]{subsubsubsection.2.6.2.1}{Simulation des Motors}{subsubsection.2.6.2}% 26
\BOOKMARK [4][-]{subsubsubsection.2.6.2.2}{Simulation der W\374rfelseite}{subsubsection.2.6.2}% 27
\BOOKMARK [4][-]{subsubsubsection.2.6.2.3}{Simulation der Schwungmasse}{subsubsection.2.6.2}% 28
\BOOKMARK [2][-]{subsection.2.7}{Reglerentwurf}{section.2}% 29
\BOOKMARK [3][-]{subsubsection.2.7.1}{Analytische Bestimmung der Reglerparameter}{subsection.2.7}% 30
\BOOKMARK [3][-]{subsubsection.2.7.2}{Verifizierung des Reglers an dem 1D-Prototyp}{subsection.2.7}% 31
\BOOKMARK [2][-]{subsection.2.8}{Aufspringen}{section.2}% 32
\BOOKMARK [2][-]{subsection.2.9}{Software}{section.2}% 33
\BOOKMARK [2][-]{subsection.2.10}{Allgemeiner Softwareentwurf}{section.2}% 34
\BOOKMARK [3][-]{subsubsection.2.10.1}{Kommunikation zwischen den Komponenten}{subsection.2.10}% 35
\BOOKMARK [3][-]{subsubsection.2.10.2}{Aufbau der Regelungskomponente}{subsection.2.10}% 36
\BOOKMARK [3][-]{subsubsection.2.10.3}{Aufbau der Kommunikationskomponente}{subsection.2.10}% 37
\BOOKMARK [2][-]{subsection.2.11}{Ausblick}{section.2}% 38
\BOOKMARK [1][-]{section.3}{3D-Modell}{}% 39
\BOOKMARK [2][-]{subsection.3.1}{Modellierung der Systemdynamik}{section.3}% 40
\BOOKMARK [3][-]{subsubsection.3.1.1}{Potential des Systems}{subsection.3.1}% 41
\BOOKMARK [3][-]{subsubsection.3.1.2}{Kinetische Energie des Systems}{subsection.3.1}% 42
\BOOKMARK [3][-]{subsubsection.3.1.3}{Generalisierte Kraftkomponenten}{subsection.3.1}% 43
\BOOKMARK [1][-]{section.4}{Anhang}{}% 44
